<?xml version="1.0" encoding="UTF-8"?>
<testsuite name="com.jira.automation.jira_automation_java.JiraAutomationJavaApplicationTests" tests="1" skipped="0" failures="0" errors="0" timestamp="2024-10-31T17:19:45" hostname="DESKTOP-L9BKHAV" time="1.918">
  <properties/>
  <testcase name="contextLoads()" classname="com.jira.automation.jira_automation_java.JiraAutomationJavaApplicationTests" time="1.918"/>
  <system-out><![CDATA[18:19:39.442 [Test worker] INFO org.springframework.test.context.support.AnnotationConfigContextLoaderUtils -- Could not detect default configuration classes for test class [com.jira.automation.jira_automation_java.JiraAutomationJavaApplicationTests]: JiraAutomationJavaApplicationTests does not declare any static, non-private, non-final, nested classes annotated with @Configuration.
18:19:39.854 [Test worker] INFO org.springframework.boot.test.context.SpringBootTestContextBootstrapper -- Found @SpringBootConfiguration com.jira.automation.jira_automation_java.JiraAutomationJavaApplication for test class com.jira.automation.jira_automation_java.JiraAutomationJavaApplicationTests

  .   ____          _            __ _ _
 /\\ / ___'_ __ _ _(_)_ __  __ _ \ \ \ \
( ( )\___ | '_ | '_| | '_ \/ _` | \ \ \ \
 \\/  ___)| |_)| | | | | || (_| |  ) ) ) )
  '  |____| .__|_| |_|_| |_\__, | / / / /
 =========|_|==============|___/=/_/_/_/

 :: Spring Boot ::                (v3.3.5)

2024-10-31T18:19:41.392+01:00  INFO 14292 --- [    Test worker] j.a.j.JiraAutomationJavaApplicationTests : Starting JiraAutomationJavaApplicationTests using Java 21.0.5 with PID 14292 (started by Krystsina in C:\Users\Krystsina\Desktop\kod\java\java-jira-automation)
2024-10-31T18:19:41.398+01:00  INFO 14292 --- [    Test worker] j.a.j.JiraAutomationJavaApplicationTests : No active profile set, falling back to 1 default profile: "default"
2024-10-31T18:19:45.156+01:00  INFO 14292 --- [    Test worker] j.a.j.JiraAutomationJavaApplicationTests : Started JiraAutomationJavaApplicationTests in 4.702 seconds (process running for 8.638)
]]></system-out>
  <system-err><![CDATA[WARNING: A Java agent has been loaded dynamically (C:\Users\Krystsina\.gradle\caches\modules-2\files-2.1\net.bytebuddy\byte-buddy-agent\1.14.19\154da3a65b4f4a909d3e5bdec55d1b2b4cbb6ce1\byte-buddy-agent-1.14.19.jar)
WARNING: If a serviceability tool is in use, please run with -XX:+EnableDynamicAgentLoading to hide this warning
WARNING: If a serviceability tool is not in use, please run with -Djdk.instrument.traceUsage for more information
WARNING: Dynamic loading of agents will be disallowed by default in a future release
]]></system-err>
</testsuite>
